# JRE version: OpenJDK Runtime Environment (17.0.1+12) (build 17.0.1+12-39)
# Java VM: OpenJDK 64-Bit Server VM (17.0.1+12-39, mixed mode, emulated-client, sharing, tiered, compressed oops, compressed class ptrs, g1 gc, linux-amd64)
GC Precious Log:
 CPUs: 8 total, 8 available
 Memory: 7824M
 Large Page Support: Disabled
 NUMA Support: Disabled
 Compressed Oops: Enabled (32-bit)
 Heap Region Size: 1M
 Heap Min Capacity: 8M
 Heap Initial Capacity: 124M
 Heap Max Capacity: 1958M
 Pre-touch: Disabled
 Parallel Workers: 8
 Concurrent Workers: 2
 Concurrent Refinement Workers: 8
 Periodic GC: Disabled
Heap:
 garbage-first heap   total 100352K, used 79800K [0x0000000085a00000, 0x0000000100000000)
  region size 1024K, 19 young (19456K), 3 survivors (3072K)
 Metaspace       used 58482K, committed 58880K, reserved 1105920K
  class space    used 8400K, committed 8576K, reserved 1048576K
GC Heap History (20 events):
Event: 1.852 GC heap before
{Heap before GC invocations=4 (full 0):
 garbage-first heap   total 129024K, used 72508K [0x0000000085a00000, 0x0000000100000000)
  region size 1024K, 63 young (64512K), 5 survivors (5120K)
 Metaspace       used 21217K, committed 21504K, reserved 1073152K
  class space    used 2938K, committed 3072K, reserved 1048576K
}
Event: 1.858 GC heap after
{Heap after GC invocations=5 (full 0):
 garbage-first heap   total 129024K, used 16383K [0x0000000085a00000, 0x0000000100000000)
  region size 1024K, 7 young (7168K), 7 survivors (7168K)
 Metaspace       used 21217K, committed 21504K, reserved 1073152K
  class space    used 2938K, committed 3072K, reserved 1048576K
}
Event: 2.151 GC heap before
{Heap before GC invocations=6 (full 0):
 garbage-first heap   total 68608K, used 54271K [0x0000000085a00000, 0x0000000100000000)
  region size 1024K, 46 young (47104K), 7 survivors (7168K)
 Metaspace       used 25787K, committed 26048K, reserved 1073152K
  class space    used 3649K, committed 3776K, reserved 1048576K
}
Event: 2.157 GC heap after
{Heap after GC invocations=7 (full 0):
 garbage-first heap   total 68608K, used 18239K [0x0000000085a00000, 0x0000000100000000)
  region size 1024K, 6 young (6144K), 6 survivors (6144K)
 Metaspace       used 25787K, committed 26048K, reserved 1073152K
  class space    used 3649K, committed 3776K, reserved 1048576K
}
Event: 2.407 GC heap before
{Heap before GC invocations=7 (full 0):
 garbage-first heap   total 68608K, used 53055K [0x0000000085a00000, 0x0000000100000000)
  region size 1024K, 38 young (38912K), 6 survivors (6144K)
 Metaspace       used 29763K, committed 30144K, reserved 1081344K
  class space    used 4097K, committed 4288K, reserved 1048576K
}
Event: 2.411 GC heap after
{Heap after GC invocations=8 (full 0):
 garbage-first heap   total 82944K, used 21025K [0x0000000085a00000, 0x0000000100000000)
  region size 1024K, 3 young (3072K), 3 survivors (3072K)
 Metaspace       used 29763K, committed 30144K, reserved 1081344K
  class space    used 4097K, committed 4288K, reserved 1048576K
}
Event: 2.791 GC heap before
{Heap before GC invocations=8 (full 0):
 garbage-first heap   total 82944K, used 63009K [0x0000000085a00000, 0x0000000100000000)
  region size 1024K, 44 young (45056K), 3 survivors (3072K)
 Metaspace       used 33858K, committed 34176K, reserved 1081344K
  class space    used 4769K, committed 4928K, reserved 1048576K
}
Event: 2.794 GC heap after
{Heap after GC invocations=9 (full 0):
 garbage-first heap   total 82944K, used 21576K [0x0000000085a00000, 0x0000000100000000)
  region size 1024K, 4 young (4096K), 4 survivors (4096K)
 Metaspace       used 33858K, committed 34176K, reserved 1081344K
  class space    used 4769K, committed 4928K, reserved 1048576K
}
Event: 2.992 GC heap before
{Heap before GC invocations=9 (full 0):
 garbage-first heap   total 82944K, used 43080K [0x0000000085a00000, 0x0000000100000000)
  region size 1024K, 26 young (26624K), 4 survivors (4096K)
 Metaspace       used 36104K, committed 36416K, reserved 1081344K
  class space    used 5093K, committed 5248K, reserved 1048576K
}
Event: 2.995 GC heap after
{Heap after GC invocations=10 (full 0):
 garbage-first heap   total 82944K, used 22058K [0x0000000085a00000, 0x0000000100000000)
  region size 1024K, 4 young (4096K), 4 survivors (4096K)
 Metaspace       used 36104K, committed 36416K, reserved 1081344K
  class space    used 5093K, committed 5248K, reserved 1048576K
}
Event: 3.321 GC heap before
{Heap before GC invocations=11 (full 0):
 garbage-first heap   total 82944K, used 65066K [0x0000000085a00000, 0x0000000100000000)
  region size 1024K, 46 young (47104K), 4 survivors (4096K)
 Metaspace       used 39695K, committed 40000K, reserved 1089536K
  class space    used 5613K, committed 5760K, reserved 1048576K
}
Event: 3.325 GC heap after
{Heap after GC invocations=12 (full 0):
 garbage-first heap   total 82944K, used 24002K [0x0000000085a00000, 0x0000000100000000)
  region size 1024K, 5 young (5120K), 5 survivors (5120K)
 Metaspace       used 39695K, committed 40000K, reserved 1089536K
  class space    used 5613K, committed 5760K, reserved 1048576K
}
Event: 7.413 GC heap before
{Heap before GC invocations=12 (full 0):
 garbage-first heap   total 82944K, used 63938K [0x0000000085a00000, 0x0000000100000000)
  region size 1024K, 45 young (46080K), 5 survivors (5120K)
 Metaspace       used 46243K, committed 46656K, reserved 1089536K
  class space    used 6423K, committed 6592K, reserved 1048576K
}
Event: 7.418 GC heap after
{Heap after GC invocations=13 (full 0):
 garbage-first heap   total 82944K, used 27090K [0x0000000085a00000, 0x0000000100000000)
  region size 1024K, 6 young (6144K), 6 survivors (6144K)
 Metaspace       used 46243K, committed 46656K, reserved 1089536K
  class space    used 6423K, committed 6592K, reserved 1048576K
}
Event: 7.873 GC heap before
{Heap before GC invocations=13 (full 0):
 garbage-first heap   total 82944K, used 63954K [0x0000000085a00000, 0x0000000100000000)
  region size 1024K, 42 young (43008K), 6 survivors (6144K)
 Metaspace       used 50957K, committed 51392K, reserved 1097728K
  class space    used 7037K, committed 7232K, reserved 1048576K
}
Event: 7.878 GC heap after
{Heap after GC invocations=14 (full 0):
 garbage-first heap   total 82944K, used 28791K [0x0000000085a00000, 0x0000000100000000)
  region size 1024K, 5 young (5120K), 5 survivors (5120K)
 Metaspace       used 50957K, committed 51392K, reserved 1097728K
  class space    used 7037K, committed 7232K, reserved 1048576K
}
Event: 8.181 GC heap before
{Heap before GC invocations=14 (full 0):
 garbage-first heap   total 82944K, used 51319K [0x0000000085a00000, 0x0000000100000000)
  region size 1024K, 21 young (21504K), 5 survivors (5120K)
 Metaspace       used 54265K, committed 54656K, reserved 1097728K
  class space    used 7611K, committed 7808K, reserved 1048576K
}
Event: 8.185 GC heap after
{Heap after GC invocations=15 (full 0):
 garbage-first heap   total 82944K, used 37716K [0x0000000085a00000, 0x0000000100000000)
  region size 1024K, 5 young (5120K), 5 survivors (5120K)
 Metaspace       used 54265K, committed 54656K, reserved 1097728K
  class space    used 7611K, committed 7808K, reserved 1048576K
}
Event: 8.562 GC heap before
{Heap before GC invocations=15 (full 0):
 garbage-first heap   total 82944K, used 60244K [0x0000000085a00000, 0x0000000100000000)
  region size 1024K, 20 young (20480K), 5 survivors (5120K)
 Metaspace       used 57549K, committed 58048K, reserved 1105920K
  class space    used 8219K, committed 8448K, reserved 1048576K
}
Event: 8.568 GC heap after
{Heap after GC invocations=16 (full 0):
 garbage-first heap   total 100352K, used 48056K [0x0000000085a00000, 0x0000000100000000)
  region size 1024K, 3 young (3072K), 3 survivors (3072K)
 Metaspace       used 57549K, committed 58048K, reserved 1105920K
  class space    used 8219K, committed 8448K, reserved 1048576K
}

