# JRE version: OpenJDK Runtime Environment (17.0.1+12) (build 17.0.1+12-39)
# Java VM: OpenJDK 64-Bit Server VM (17.0.1+12-39, mixed mode, emulated-client, sharing, tiered, compressed oops, compressed class ptrs, g1 gc, linux-amd64)
GC Precious Log:
 CPUs: 8 total, 8 available
 Memory: 7824M
 Large Page Support: Disabled
 NUMA Support: Disabled
 Compressed Oops: Enabled (32-bit)
 Heap Region Size: 1M
 Heap Min Capacity: 8M
 Heap Initial Capacity: 124M
 Heap Max Capacity: 1958M
 Pre-touch: Disabled
 Parallel Workers: 8
 Concurrent Workers: 2
 Concurrent Refinement Workers: 8
 Periodic GC: Disabled
Heap:
 garbage-first heap   total 234496K, used 72992K [0x0000000085a00000, 0x0000000100000000)
  region size 1024K, 13 young (13312K), 1 survivors (1024K)
 Metaspace       used 57419K, committed 57856K, reserved 1105920K
  class space    used 8329K, committed 8576K, reserved 1048576K
GC Heap History (20 events):
Event: 2.854 GC heap before
{Heap before GC invocations=10 (full 0):
 garbage-first heap   total 71680K, used 55013K [0x0000000085a00000, 0x0000000100000000)
  region size 1024K, 37 young (37888K), 3 survivors (3072K)
 Metaspace       used 39313K, committed 39680K, reserved 1089536K
  class space    used 5575K, committed 5760K, reserved 1048576K
}
Event: 2.857 GC heap after
{Heap after GC invocations=11 (full 0):
 garbage-first heap   total 86016K, used 20832K [0x0000000085a00000, 0x0000000100000000)
  region size 1024K, 3 young (3072K), 3 survivors (3072K)
 Metaspace       used 39313K, committed 39680K, reserved 1089536K
  class space    used 5575K, committed 5760K, reserved 1048576K
}
Event: 3.226 GC heap before
{Heap before GC invocations=11 (full 0):
 garbage-first heap   total 86016K, used 67936K [0x0000000085a00000, 0x0000000100000000)
  region size 1024K, 49 young (50176K), 3 survivors (3072K)
 Metaspace       used 43036K, committed 43456K, reserved 1089536K
  class space    used 6098K, committed 6336K, reserved 1048576K
}
Event: 3.230 GC heap after
{Heap after GC invocations=12 (full 0):
 garbage-first heap   total 86016K, used 22846K [0x0000000085a00000, 0x0000000100000000)
  region size 1024K, 5 young (5120K), 5 survivors (5120K)
 Metaspace       used 43036K, committed 43456K, reserved 1089536K
  class space    used 6098K, committed 6336K, reserved 1048576K
}
Event: 7.259 GC heap before
{Heap before GC invocations=12 (full 0):
 garbage-first heap   total 86016K, used 66878K [0x0000000085a00000, 0x0000000100000000)
  region size 1024K, 49 young (50176K), 5 survivors (5120K)
 Metaspace       used 46399K, committed 46848K, reserved 1089536K
  class space    used 6523K, committed 6720K, reserved 1048576K
}
Event: 7.264 GC heap after
{Heap after GC invocations=13 (full 0):
 garbage-first heap   total 86016K, used 25450K [0x0000000085a00000, 0x0000000100000000)
  region size 1024K, 7 young (7168K), 7 survivors (7168K)
 Metaspace       used 46399K, committed 46848K, reserved 1089536K
  class space    used 6523K, committed 6720K, reserved 1048576K
}
Event: 7.391 GC heap before
{Heap before GC invocations=13 (full 0):
 garbage-first heap   total 86016K, used 35690K [0x0000000085a00000, 0x0000000100000000)
  region size 1024K, 18 young (18432K), 7 survivors (7168K)
 Metaspace       used 47298K, committed 47616K, reserved 1089536K
  class space    used 6697K, committed 6848K, reserved 1048576K
}
Event: 7.395 GC heap after
{Heap after GC invocations=14 (full 0):
 garbage-first heap   total 86016K, used 25997K [0x0000000085a00000, 0x0000000100000000)
  region size 1024K, 4 young (4096K), 4 survivors (4096K)
 Metaspace       used 47298K, committed 47616K, reserved 1089536K
  class space    used 6697K, committed 6848K, reserved 1048576K
}
Event: 7.746 GC heap before
{Heap before GC invocations=15 (full 0):
 garbage-first heap   total 86016K, used 52621K [0x0000000085a00000, 0x0000000100000000)
  region size 1024K, 23 young (23552K), 4 survivors (4096K)
 Metaspace       used 51716K, committed 52160K, reserved 1097728K
  class space    used 7404K, committed 7616K, reserved 1048576K
}
Event: 7.750 GC heap after
{Heap after GC invocations=16 (full 0):
 garbage-first heap   total 86016K, used 35311K [0x0000000085a00000, 0x0000000100000000)
  region size 1024K, 4 young (4096K), 4 survivors (4096K)
 Metaspace       used 51716K, committed 52160K, reserved 1097728K
  class space    used 7404K, committed 7616K, reserved 1048576K
}
Event: 8.083 GC heap before
{Heap before GC invocations=16 (full 0):
 garbage-first heap   total 86016K, used 56815K [0x0000000085a00000, 0x0000000100000000)
  region size 1024K, 19 young (19456K), 4 survivors (4096K)
 Metaspace       used 55001K, committed 55424K, reserved 1097728K
  class space    used 8012K, committed 8192K, reserved 1048576K
}
Event: 8.088 GC heap after
{Heap after GC invocations=17 (full 0):
 garbage-first heap   total 86016K, used 45535K [0x0000000085a00000, 0x0000000100000000)
  region size 1024K, 3 young (3072K), 3 survivors (3072K)
 Metaspace       used 55001K, committed 55424K, reserved 1097728K
  class space    used 8012K, committed 8192K, reserved 1048576K
}
Event: 53.034 GC heap before
{Heap before GC invocations=18 (full 0):
 garbage-first heap   total 86016K, used 67039K [0x0000000085a00000, 0x0000000100000000)
  region size 1024K, 24 young (24576K), 3 survivors (3072K)
 Metaspace       used 57066K, committed 57536K, reserved 1105920K
  class space    used 8261K, committed 8512K, reserved 1048576K
}
Event: 53.037 GC heap after
{Heap after GC invocations=19 (full 0):
 garbage-first heap   total 86016K, used 48726K [0x0000000085a00000, 0x0000000100000000)
  region size 1024K, 2 young (2048K), 2 survivors (2048K)
 Metaspace       used 57066K, committed 57536K, reserved 1105920K
  class space    used 8261K, committed 8512K, reserved 1048576K
}
Event: 53.149 GC heap before
{Heap before GC invocations=20 (full 0):
 garbage-first heap   total 91136K, used 80470K [0x0000000085a00000, 0x0000000100000000)
  region size 1024K, 21 young (21504K), 2 survivors (2048K)
 Metaspace       used 57402K, committed 57856K, reserved 1105920K
  class space    used 8324K, committed 8576K, reserved 1048576K
}
Event: 53.151 GC heap after
{Heap after GC invocations=21 (full 0):
 garbage-first heap   total 91136K, used 61018K [0x0000000085a00000, 0x0000000100000000)
  region size 1024K, 2 young (2048K), 2 survivors (2048K)
 Metaspace       used 57402K, committed 57856K, reserved 1105920K
  class space    used 8324K, committed 8576K, reserved 1048576K
}
Event: 53.152 GC heap before
{Heap before GC invocations=21 (full 0):
 garbage-first heap   total 91136K, used 62042K [0x0000000085a00000, 0x0000000100000000)
  region size 1024K, 4 young (4096K), 2 survivors (2048K)
 Metaspace       used 57402K, committed 57856K, reserved 1105920K
  class space    used 8324K, committed 8576K, reserved 1048576K
}
Event: 53.153 GC heap after
{Heap after GC invocations=22 (full 0):
 garbage-first heap   total 91136K, used 60686K [0x0000000085a00000, 0x0000000100000000)
  region size 1024K, 1 young (1024K), 1 survivors (1024K)
 Metaspace       used 57402K, committed 57856K, reserved 1105920K
  class space    used 8324K, committed 8576K, reserved 1048576K
}
Event: 53.155 GC heap before
{Heap before GC invocations=22 (full 0):
 garbage-first heap   total 91136K, used 73998K [0x0000000085a00000, 0x0000000100000000)
  region size 1024K, 15 young (15360K), 1 survivors (1024K)
 Metaspace       used 57402K, committed 57856K, reserved 1105920K
  class space    used 8324K, committed 8576K, reserved 1048576K
}
Event: 53.157 GC heap after
{Heap after GC invocations=23 (full 0):
 garbage-first heap   total 234496K, used 60704K [0x0000000085a00000, 0x0000000100000000)
  region size 1024K, 1 young (1024K), 1 survivors (1024K)
 Metaspace       used 57402K, committed 57856K, reserved 1105920K
  class space    used 8324K, committed 8576K, reserved 1048576K
}

