# JRE version: OpenJDK Runtime Environment (17.0.1+12) (build 17.0.1+12-39)
# Java VM: OpenJDK 64-Bit Server VM (17.0.1+12-39, mixed mode, emulated-client, sharing, tiered, compressed oops, compressed class ptrs, g1 gc, linux-amd64)
GC Precious Log:
 CPUs: 8 total, 8 available
 Memory: 7824M
 Large Page Support: Disabled
 NUMA Support: Disabled
 Compressed Oops: Enabled (32-bit)
 Heap Region Size: 1M
 Heap Min Capacity: 8M
 Heap Initial Capacity: 124M
 Heap Max Capacity: 1958M
 Pre-touch: Disabled
 Parallel Workers: 8
 Concurrent Workers: 2
 Concurrent Refinement Workers: 8
 Periodic GC: Disabled
Heap:
 garbage-first heap   total 132096K, used 63956K [0x0000000085a00000, 0x0000000100000000)
  region size 1024K, 6 young (6144K), 4 survivors (4096K)
 Metaspace       used 57778K, committed 58240K, reserved 1105920K
  class space    used 8370K, committed 8576K, reserved 1048576K
GC Heap History (20 events):
Event: 2.043 GC heap before
{Heap before GC invocations=6 (full 0):
 garbage-first heap   total 65536K, used 53576K [0x0000000085a00000, 0x0000000100000000)
  region size 1024K, 45 young (46080K), 7 survivors (7168K)
 Metaspace       used 25362K, committed 25728K, reserved 1073152K
  class space    used 3620K, committed 3776K, reserved 1048576K
}
Event: 2.049 GC heap after
{Heap after GC invocations=7 (full 0):
 garbage-first heap   total 78848K, used 17031K [0x0000000085a00000, 0x0000000100000000)
  region size 1024K, 6 young (6144K), 6 survivors (6144K)
 Metaspace       used 25362K, committed 25728K, reserved 1073152K
  class space    used 3620K, committed 3776K, reserved 1048576K
}
Event: 2.065 GC heap before
{Heap before GC invocations=7 (full 0):
 garbage-first heap   total 78848K, used 18055K [0x0000000085a00000, 0x0000000100000000)
  region size 1024K, 7 young (7168K), 6 survivors (6144K)
 Metaspace       used 25553K, committed 25920K, reserved 1073152K
  class space    used 3652K, committed 3840K, reserved 1048576K
}
Event: 2.069 GC heap after
{Heap after GC invocations=8 (full 0):
 garbage-first heap   total 78848K, used 17328K [0x0000000085a00000, 0x0000000100000000)
  region size 1024K, 1 young (1024K), 1 survivors (1024K)
 Metaspace       used 25553K, committed 25920K, reserved 1073152K
  class space    used 3652K, committed 3840K, reserved 1048576K
}
Event: 2.448 GC heap before
{Heap before GC invocations=8 (full 0):
 garbage-first heap   total 78848K, used 60336K [0x0000000085a00000, 0x0000000100000000)
  region size 1024K, 43 young (44032K), 1 survivors (1024K)
 Metaspace       used 32875K, committed 33152K, reserved 1081344K
  class space    used 4595K, committed 4736K, reserved 1048576K
}
Event: 2.450 GC heap after
{Heap after GC invocations=9 (full 0):
 garbage-first heap   total 78848K, used 18674K [0x0000000085a00000, 0x0000000100000000)
  region size 1024K, 3 young (3072K), 3 survivors (3072K)
 Metaspace       used 32875K, committed 33152K, reserved 1081344K
  class space    used 4595K, committed 4736K, reserved 1048576K
}
Event: 2.586 GC heap before
{Heap before GC invocations=9 (full 0):
 garbage-first heap   total 78848K, used 51442K [0x0000000085a00000, 0x0000000100000000)
  region size 1024K, 36 young (36864K), 3 survivors (3072K)
 Metaspace       used 35859K, committed 36160K, reserved 1081344K
  class space    used 5058K, committed 5184K, reserved 1048576K
}
Event: 2.589 GC heap after
{Heap after GC invocations=10 (full 0):
 garbage-first heap   total 78848K, used 19460K [0x0000000085a00000, 0x0000000100000000)
  region size 1024K, 4 young (4096K), 4 survivors (4096K)
 Metaspace       used 35859K, committed 36160K, reserved 1081344K
  class space    used 5058K, committed 5184K, reserved 1048576K
}
Event: 2.985 GC heap before
{Heap before GC invocations=11 (full 0):
 garbage-first heap   total 78848K, used 60420K [0x0000000085a00000, 0x0000000100000000)
  region size 1024K, 44 young (45056K), 4 survivors (4096K)
 Metaspace       used 39794K, committed 40128K, reserved 1089536K
  class space    used 5620K, committed 5760K, reserved 1048576K
}
Event: 2.988 GC heap after
{Heap after GC invocations=12 (full 0):
 garbage-first heap   total 78848K, used 20489K [0x0000000085a00000, 0x0000000100000000)
  region size 1024K, 5 young (5120K), 5 survivors (5120K)
 Metaspace       used 39794K, committed 40128K, reserved 1089536K
  class space    used 5620K, committed 5760K, reserved 1048576K
}
Event: 3.290 GC heap before
{Heap before GC invocations=12 (full 0):
 garbage-first heap   total 78848K, used 61449K [0x0000000085a00000, 0x0000000100000000)
  region size 1024K, 45 young (46080K), 5 survivors (5120K)
 Metaspace       used 42925K, committed 43264K, reserved 1089536K
  class space    used 6094K, committed 6272K, reserved 1048576K
}
Event: 3.294 GC heap after
{Heap after GC invocations=13 (full 0):
 garbage-first heap   total 78848K, used 22497K [0x0000000085a00000, 0x0000000100000000)
  region size 1024K, 4 young (4096K), 4 survivors (4096K)
 Metaspace       used 42925K, committed 43264K, reserved 1089536K
  class space    used 6094K, committed 6272K, reserved 1048576K
}
Event: 9.127 GC heap before
{Heap before GC invocations=13 (full 0):
 garbage-first heap   total 78848K, used 62433K [0x0000000085a00000, 0x0000000100000000)
  region size 1024K, 43 young (44032K), 4 survivors (4096K)
 Metaspace       used 45726K, committed 46080K, reserved 1089536K
  class space    used 6434K, committed 6592K, reserved 1048576K
}
Event: 9.131 GC heap after
{Heap after GC invocations=14 (full 0):
 garbage-first heap   total 78848K, used 24717K [0x0000000085a00000, 0x0000000100000000)
  region size 1024K, 6 young (6144K), 6 survivors (6144K)
 Metaspace       used 45726K, committed 46080K, reserved 1089536K
  class space    used 6434K, committed 6592K, reserved 1048576K
}
Event: 9.654 GC heap before
{Heap before GC invocations=14 (full 0):
 garbage-first heap   total 78848K, used 66701K [0x0000000085a00000, 0x0000000100000000)
  region size 1024K, 40 young (40960K), 6 survivors (6144K)
 Metaspace       used 51588K, committed 51968K, reserved 1097728K
  class space    used 7364K, committed 7552K, reserved 1048576K
}
Event: 9.660 GC heap after
{Heap after GC invocations=15 (full 0):
 garbage-first heap   total 78848K, used 34386K [0x0000000085a00000, 0x0000000100000000)
  region size 1024K, 6 young (6144K), 6 survivors (6144K)
 Metaspace       used 51588K, committed 51968K, reserved 1097728K
  class space    used 7364K, committed 7552K, reserved 1048576K
}
Event: 9.674 GC heap before
{Heap before GC invocations=15 (full 0):
 garbage-first heap   total 78848K, used 34386K [0x0000000085a00000, 0x0000000100000000)
  region size 1024K, 7 young (7168K), 6 survivors (6144K)
 Metaspace       used 51834K, committed 52288K, reserved 1097728K
  class space    used 7403K, committed 7616K, reserved 1048576K
}
Event: 9.678 GC heap after
{Heap after GC invocations=16 (full 0):
 garbage-first heap   total 132096K, used 35350K [0x0000000085a00000, 0x0000000100000000)
  region size 1024K, 1 young (1024K), 1 survivors (1024K)
 Metaspace       used 51834K, committed 52288K, reserved 1097728K
  class space    used 7403K, committed 7616K, reserved 1048576K
}
Event: 21.449 GC heap before
{Heap before GC invocations=16 (full 0):
 garbage-first heap   total 132096K, used 99862K [0x0000000085a00000, 0x0000000100000000)
  region size 1024K, 43 young (44032K), 1 survivors (1024K)
 Metaspace       used 57775K, committed 58240K, reserved 1105920K
  class space    used 8369K, committed 8576K, reserved 1048576K
}
Event: 21.454 GC heap after
{Heap after GC invocations=17 (full 0):
 garbage-first heap   total 132096K, used 60884K [0x0000000085a00000, 0x0000000100000000)
  region size 1024K, 4 young (4096K), 4 survivors (4096K)
 Metaspace       used 57775K, committed 58240K, reserved 1105920K
  class space    used 8369K, committed 8576K, reserved 1048576K
}

