# JRE version: OpenJDK Runtime Environment (17.0.1+12) (build 17.0.1+12-39)
# Java VM: OpenJDK 64-Bit Server VM (17.0.1+12-39, mixed mode, emulated-client, sharing, tiered, compressed oops, compressed class ptrs, g1 gc, linux-amd64)
GC Precious Log:
 CPUs: 8 total, 8 available
 Memory: 7824M
 Large Page Support: Disabled
 NUMA Support: Disabled
 Compressed Oops: Enabled (32-bit)
 Heap Region Size: 1M
 Heap Min Capacity: 8M
 Heap Initial Capacity: 124M
 Heap Max Capacity: 1958M
 Pre-touch: Disabled
 Parallel Workers: 8
 Concurrent Workers: 2
 Concurrent Refinement Workers: 8
 Periodic GC: Disabled
Heap:
 garbage-first heap   total 101376K, used 63940K [0x0000000085a00000, 0x0000000100000000)
  region size 1024K, 3 young (3072K), 2 survivors (2048K)
 Metaspace       used 57567K, committed 58112K, reserved 1105920K
  class space    used 8342K, committed 8576K, reserved 1048576K
GC Heap History (20 events):
Event: 2.451 GC heap before
{Heap before GC invocations=8 (full 0):
 garbage-first heap   total 82944K, used 59857K [0x0000000085a00000, 0x0000000100000000)
  region size 1024K, 43 young (44032K), 4 survivors (4096K)
 Metaspace       used 35604K, committed 35904K, reserved 1081344K
  class space    used 5001K, committed 5120K, reserved 1048576K
}
Event: 2.455 GC heap after
{Heap after GC invocations=9 (full 0):
 garbage-first heap   total 82944K, used 20859K [0x0000000085a00000, 0x0000000100000000)
  region size 1024K, 3 young (3072K), 3 survivors (3072K)
 Metaspace       used 35604K, committed 35904K, reserved 1081344K
  class space    used 5001K, committed 5120K, reserved 1048576K
}
Event: 2.492 GC heap before
{Heap before GC invocations=9 (full 0):
 garbage-first heap   total 82944K, used 24955K [0x0000000085a00000, 0x0000000100000000)
  region size 1024K, 8 young (8192K), 3 survivors (3072K)
 Metaspace       used 35978K, committed 36288K, reserved 1081344K
  class space    used 5080K, committed 5184K, reserved 1048576K
}
Event: 2.495 GC heap after
{Heap after GC invocations=10 (full 0):
 garbage-first heap   total 82944K, used 20747K [0x0000000085a00000, 0x0000000100000000)
  region size 1024K, 3 young (3072K), 3 survivors (3072K)
 Metaspace       used 35978K, committed 36288K, reserved 1081344K
  class space    used 5080K, committed 5184K, reserved 1048576K
}
Event: 2.856 GC heap before
{Heap before GC invocations=11 (full 0):
 garbage-first heap   total 82944K, used 62731K [0x0000000085a00000, 0x0000000100000000)
  region size 1024K, 44 young (45056K), 3 survivors (3072K)
 Metaspace       used 39956K, committed 40320K, reserved 1089536K
  class space    used 5639K, committed 5824K, reserved 1048576K
}
Event: 2.860 GC heap after
{Heap after GC invocations=12 (full 0):
 garbage-first heap   total 82944K, used 21957K [0x0000000085a00000, 0x0000000100000000)
  region size 1024K, 4 young (4096K), 4 survivors (4096K)
 Metaspace       used 39956K, committed 40320K, reserved 1089536K
  class space    used 5639K, committed 5824K, reserved 1048576K
}
Event: 3.151 GC heap before
{Heap before GC invocations=12 (full 0):
 garbage-first heap   total 82944K, used 63941K [0x0000000085a00000, 0x0000000100000000)
  region size 1024K, 45 young (46080K), 4 survivors (4096K)
 Metaspace       used 43326K, committed 43712K, reserved 1089536K
  class space    used 6127K, committed 6336K, reserved 1048576K
}
Event: 3.155 GC heap after
{Heap after GC invocations=13 (full 0):
 garbage-first heap   total 82944K, used 23587K [0x0000000085a00000, 0x0000000100000000)
  region size 1024K, 4 young (4096K), 4 survivors (4096K)
 Metaspace       used 43326K, committed 43712K, reserved 1089536K
  class space    used 6127K, committed 6336K, reserved 1048576K
}
Event: 6.745 GC heap before
{Heap before GC invocations=13 (full 0):
 garbage-first heap   total 82944K, used 63523K [0x0000000085a00000, 0x0000000100000000)
  region size 1024K, 44 young (45056K), 4 survivors (4096K)
 Metaspace       used 46216K, committed 46656K, reserved 1089536K
  class space    used 6511K, committed 6720K, reserved 1048576K
}
Event: 6.749 GC heap after
{Heap after GC invocations=14 (full 0):
 garbage-first heap   total 100352K, used 26071K [0x0000000085a00000, 0x0000000100000000)
  region size 1024K, 6 young (6144K), 6 survivors (6144K)
 Metaspace       used 46216K, committed 46656K, reserved 1089536K
  class space    used 6511K, committed 6720K, reserved 1048576K
}
Event: 7.583 GC heap before
{Heap before GC invocations=14 (full 0):
 garbage-first heap   total 100352K, used 86487K [0x0000000085a00000, 0x0000000100000000)
  region size 1024K, 50 young (51200K), 6 survivors (6144K)
 Metaspace       used 55064K, committed 55424K, reserved 1097728K
  class space    used 8009K, committed 8192K, reserved 1048576K
}
Event: 7.588 GC heap after
{Heap after GC invocations=15 (full 0):
 garbage-first heap   total 100352K, used 45350K [0x0000000085a00000, 0x0000000100000000)
  region size 1024K, 7 young (7168K), 7 survivors (7168K)
 Metaspace       used 55064K, committed 55424K, reserved 1097728K
  class space    used 8009K, committed 8192K, reserved 1048576K
}
Event: 111.934 GC heap before
{Heap before GC invocations=15 (full 0):
 garbage-first heap   total 100352K, used 70950K [0x0000000085a00000, 0x0000000100000000)
  region size 1024K, 29 young (29696K), 7 survivors (7168K)
 Metaspace       used 57606K, committed 58112K, reserved 1105920K
  class space    used 8341K, committed 8576K, reserved 1048576K
}
Event: 111.940 GC heap after
{Heap after GC invocations=16 (full 0):
 garbage-first heap   total 100352K, used 51436K [0x0000000085a00000, 0x0000000100000000)
  region size 1024K, 2 young (2048K), 2 survivors (2048K)
 Metaspace       used 57606K, committed 58112K, reserved 1105920K
  class space    used 8341K, committed 8576K, reserved 1048576K
}
Event: 111.992 GC heap before
{Heap before GC invocations=17 (full 0):
 garbage-first heap   total 101376K, used 91372K [0x0000000085a00000, 0x0000000100000000)
  region size 1024K, 31 young (31744K), 2 survivors (2048K)
 Metaspace       used 57553K, committed 58112K, reserved 1105920K
  class space    used 8340K, committed 8576K, reserved 1048576K
}
Event: 111.994 GC heap after
{Heap after GC invocations=18 (full 0):
 garbage-first heap   total 101376K, used 61129K [0x0000000085a00000, 0x0000000100000000)
  region size 1024K, 2 young (2048K), 2 survivors (2048K)
 Metaspace       used 57553K, committed 58112K, reserved 1105920K
  class space    used 8340K, committed 8576K, reserved 1048576K
}
Event: 111.994 GC heap before
{Heap before GC invocations=18 (full 0):
 garbage-first heap   total 101376K, used 62153K [0x0000000085a00000, 0x0000000100000000)
  region size 1024K, 4 young (4096K), 2 survivors (2048K)
 Metaspace       used 57553K, committed 58112K, reserved 1105920K
  class space    used 8340K, committed 8576K, reserved 1048576K
}
Event: 111.995 GC heap after
{Heap after GC invocations=19 (full 0):
 garbage-first heap   total 101376K, used 60991K [0x0000000085a00000, 0x0000000100000000)
  region size 1024K, 1 young (1024K), 1 survivors (1024K)
 Metaspace       used 57553K, committed 58112K, reserved 1105920K
  class space    used 8340K, committed 8576K, reserved 1048576K
}
Event: 112.035 GC heap before
{Heap before GC invocations=19 (full 0):
 garbage-first heap   total 101376K, used 71231K [0x0000000085a00000, 0x0000000100000000)
  region size 1024K, 13 young (13312K), 1 survivors (1024K)
 Metaspace       used 57565K, committed 58112K, reserved 1105920K
  class space    used 8341K, committed 8576K, reserved 1048576K
}
Event: 112.036 GC heap after
{Heap after GC invocations=20 (full 0):
 garbage-first heap   total 101376K, used 61892K [0x0000000085a00000, 0x0000000100000000)
  region size 1024K, 2 young (2048K), 2 survivors (2048K)
 Metaspace       used 57565K, committed 58112K, reserved 1105920K
  class space    used 8341K, committed 8576K, reserved 1048576K
}

