# JRE version: OpenJDK Runtime Environment (17.0.1+12) (build 17.0.1+12-39)
# Java VM: OpenJDK 64-Bit Server VM (17.0.1+12-39, mixed mode, emulated-client, sharing, tiered, compressed oops, compressed class ptrs, g1 gc, linux-amd64)
GC Precious Log:
 CPUs: 8 total, 8 available
 Memory: 7824M
 Large Page Support: Disabled
 NUMA Support: Disabled
 Compressed Oops: Enabled (32-bit)
 Heap Region Size: 1M
 Heap Min Capacity: 8M
 Heap Initial Capacity: 124M
 Heap Max Capacity: 1958M
 Pre-touch: Disabled
 Parallel Workers: 8
 Concurrent Workers: 2
 Concurrent Refinement Workers: 8
 Periodic GC: Disabled
Heap:
 garbage-first heap   total 177152K, used 90411K [0x0000000085a00000, 0x0000000100000000)
  region size 1024K, 33 young (33792K), 2 survivors (2048K)
 Metaspace       used 57666K, committed 58112K, reserved 1105920K
  class space    used 8354K, committed 8576K, reserved 1048576K
GC Heap History (20 events):
Event: 1.906 GC heap before
{Heap before GC invocations=6 (full 0):
 garbage-first heap   total 65536K, used 53379K [0x0000000085a00000, 0x0000000100000000)
  region size 1024K, 45 young (46080K), 7 survivors (7168K)
 Metaspace       used 25321K, committed 25664K, reserved 1073152K
  class space    used 3619K, committed 3776K, reserved 1048576K
}
Event: 1.912 GC heap after
{Heap after GC invocations=7 (full 0):
 garbage-first heap   total 65536K, used 16925K [0x0000000085a00000, 0x0000000100000000)
  region size 1024K, 7 young (7168K), 7 survivors (7168K)
 Metaspace       used 25321K, committed 25664K, reserved 1073152K
  class space    used 3619K, committed 3776K, reserved 1048576K
}
Event: 1.927 GC heap before
{Heap before GC invocations=7 (full 0):
 garbage-first heap   total 65536K, used 16925K [0x0000000085a00000, 0x0000000100000000)
  region size 1024K, 8 young (8192K), 7 survivors (7168K)
 Metaspace       used 25520K, committed 25856K, reserved 1073152K
  class space    used 3651K, committed 3776K, reserved 1048576K
}
Event: 1.932 GC heap after
{Heap after GC invocations=8 (full 0):
 garbage-first heap   total 78848K, used 17287K [0x0000000085a00000, 0x0000000100000000)
  region size 1024K, 1 young (1024K), 1 survivors (1024K)
 Metaspace       used 25520K, committed 25856K, reserved 1073152K
  class space    used 3651K, committed 3776K, reserved 1048576K
}
Event: 2.307 GC heap before
{Heap before GC invocations=8 (full 0):
 garbage-first heap   total 78848K, used 60295K [0x0000000085a00000, 0x0000000100000000)
  region size 1024K, 43 young (44032K), 1 survivors (1024K)
 Metaspace       used 32872K, committed 33152K, reserved 1081344K
  class space    used 4599K, committed 4736K, reserved 1048576K
}
Event: 2.309 GC heap after
{Heap after GC invocations=9 (full 0):
 garbage-first heap   total 78848K, used 18772K [0x0000000085a00000, 0x0000000100000000)
  region size 1024K, 3 young (3072K), 3 survivors (3072K)
 Metaspace       used 32872K, committed 33152K, reserved 1081344K
  class space    used 4599K, committed 4736K, reserved 1048576K
}
Event: 2.447 GC heap before
{Heap before GC invocations=9 (full 0):
 garbage-first heap   total 78848K, used 51540K [0x0000000085a00000, 0x0000000100000000)
  region size 1024K, 36 young (36864K), 3 survivors (3072K)
 Metaspace       used 35858K, committed 36160K, reserved 1081344K
  class space    used 5062K, committed 5184K, reserved 1048576K
}
Event: 2.450 GC heap after
{Heap after GC invocations=10 (full 0):
 garbage-first heap   total 78848K, used 19609K [0x0000000085a00000, 0x0000000100000000)
  region size 1024K, 4 young (4096K), 4 survivors (4096K)
 Metaspace       used 35858K, committed 36160K, reserved 1081344K
  class space    used 5062K, committed 5184K, reserved 1048576K
}
Event: 2.835 GC heap before
{Heap before GC invocations=11 (full 0):
 garbage-first heap   total 78848K, used 60569K [0x0000000085a00000, 0x0000000100000000)
  region size 1024K, 44 young (45056K), 4 survivors (4096K)
 Metaspace       used 39793K, committed 40128K, reserved 1089536K
  class space    used 5624K, committed 5760K, reserved 1048576K
}
Event: 2.838 GC heap after
{Heap after GC invocations=12 (full 0):
 garbage-first heap   total 78848K, used 20630K [0x0000000085a00000, 0x0000000100000000)
  region size 1024K, 5 young (5120K), 5 survivors (5120K)
 Metaspace       used 39793K, committed 40128K, reserved 1089536K
  class space    used 5624K, committed 5760K, reserved 1048576K
}
Event: 2.844 GC heap before
{Heap before GC invocations=12 (full 0):
 garbage-first heap   total 78848K, used 21654K [0x0000000085a00000, 0x0000000100000000)
  region size 1024K, 6 young (6144K), 5 survivors (5120K)
 Metaspace       used 39877K, committed 40192K, reserved 1089536K
  class space    used 5636K, committed 5760K, reserved 1048576K
}
Event: 2.848 GC heap after
{Heap after GC invocations=13 (full 0):
 garbage-first heap   total 78848K, used 20865K [0x0000000085a00000, 0x0000000100000000)
  region size 1024K, 1 young (1024K), 1 survivors (1024K)
 Metaspace       used 39877K, committed 40192K, reserved 1089536K
  class space    used 5636K, committed 5760K, reserved 1048576K
}
Event: 3.035 GC heap before
{Heap before GC invocations=13 (full 0):
 garbage-first heap   total 78848K, used 61825K [0x0000000085a00000, 0x0000000100000000)
  region size 1024K, 41 young (41984K), 1 survivors (1024K)
 Metaspace       used 42924K, committed 43328K, reserved 1089536K
  class space    used 6099K, committed 6336K, reserved 1048576K
}
Event: 3.036 GC heap after
{Heap after GC invocations=14 (full 0):
 garbage-first heap   total 78848K, used 21936K [0x0000000085a00000, 0x0000000100000000)
  region size 1024K, 2 young (2048K), 2 survivors (2048K)
 Metaspace       used 42924K, committed 43328K, reserved 1089536K
  class space    used 6099K, committed 6336K, reserved 1048576K
}
Event: 6.272 GC heap before
{Heap before GC invocations=14 (full 0):
 garbage-first heap   total 78848K, used 62896K [0x0000000085a00000, 0x0000000100000000)
  region size 1024K, 42 young (43008K), 2 survivors (2048K)
 Metaspace       used 46234K, committed 46592K, reserved 1089536K
  class space    used 6487K, committed 6656K, reserved 1048576K
}
Event: 6.274 GC heap after
{Heap after GC invocations=15 (full 0):
 garbage-first heap   total 78848K, used 24366K [0x0000000085a00000, 0x0000000100000000)
  region size 1024K, 5 young (5120K), 5 survivors (5120K)
 Metaspace       used 46234K, committed 46592K, reserved 1089536K
  class space    used 6487K, committed 6656K, reserved 1048576K
}
Event: 6.577 GC heap before
{Heap before GC invocations=15 (full 0):
 garbage-first heap   total 78848K, used 62254K [0x0000000085a00000, 0x0000000100000000)
  region size 1024K, 41 young (41984K), 5 survivors (5120K)
 Metaspace       used 51865K, committed 52288K, reserved 1097728K
  class space    used 7316K, committed 7488K, reserved 1048576K
}
Event: 6.582 GC heap after
{Heap after GC invocations=16 (full 0):
 garbage-first heap   total 78848K, used 28953K [0x0000000085a00000, 0x0000000100000000)
  region size 1024K, 6 young (6144K), 6 survivors (6144K)
 Metaspace       used 51865K, committed 52288K, reserved 1097728K
  class space    used 7316K, committed 7488K, reserved 1048576K
}
Event: 6.717 GC heap before
{Heap before GC invocations=16 (full 0):
 garbage-first heap   total 78848K, used 42265K [0x0000000085a00000, 0x0000000100000000)
  region size 1024K, 13 young (13312K), 6 survivors (6144K)
 Metaspace       used 53353K, committed 53760K, reserved 1097728K
  class space    used 7567K, committed 7744K, reserved 1048576K
}
Event: 6.722 GC heap after
{Heap after GC invocations=17 (full 0):
 garbage-first heap   total 177152K, used 35115K [0x0000000085a00000, 0x0000000100000000)
  region size 1024K, 2 young (2048K), 2 survivors (2048K)
 Metaspace       used 53353K, committed 53760K, reserved 1097728K
  class space    used 7567K, committed 7744K, reserved 1048576K
}

