# JRE version: OpenJDK Runtime Environment (17.0.1+12) (build 17.0.1+12-39)
# Java VM: OpenJDK 64-Bit Server VM (17.0.1+12-39, mixed mode, emulated-client, sharing, tiered, compressed oops, compressed class ptrs, g1 gc, linux-amd64)
GC Precious Log:
 CPUs: 8 total, 8 available
 Memory: 7824M
 Large Page Support: Disabled
 NUMA Support: Disabled
 Compressed Oops: Enabled (32-bit)
 Heap Region Size: 1M
 Heap Min Capacity: 8M
 Heap Initial Capacity: 124M
 Heap Max Capacity: 1958M
 Pre-touch: Disabled
 Parallel Workers: 8
 Concurrent Workers: 2
 Concurrent Refinement Workers: 8
 Periodic GC: Disabled
Heap:
 garbage-first heap   total 95232K, used 79740K [0x0000000085a00000, 0x0000000100000000)
  region size 1024K, 22 young (22528K), 5 survivors (5120K)
 Metaspace       used 57531K, committed 57984K, reserved 1105920K
  class space    used 8351K, committed 8576K, reserved 1048576K
GC Heap History (20 events):
Event: 1.932 GC heap before
{Heap before GC invocations=6 (full 0):
 garbage-first heap   total 65536K, used 51951K [0x0000000085a00000, 0x0000000100000000)
  region size 1024K, 43 young (44032K), 7 survivors (7168K)
 Metaspace       used 25081K, committed 25408K, reserved 1073152K
  class space    used 3596K, committed 3712K, reserved 1048576K
}
Event: 1.936 GC heap after
{Heap after GC invocations=7 (full 0):
 garbage-first heap   total 65536K, used 17725K [0x0000000085a00000, 0x0000000100000000)
  region size 1024K, 6 young (6144K), 6 survivors (6144K)
 Metaspace       used 25081K, committed 25408K, reserved 1073152K
  class space    used 3596K, committed 3712K, reserved 1048576K
}
Event: 2.146 GC heap before
{Heap before GC invocations=7 (full 0):
 garbage-first heap   total 65536K, used 47421K [0x0000000085a00000, 0x0000000100000000)
  region size 1024K, 35 young (35840K), 6 survivors (6144K)
 Metaspace       used 32009K, committed 32320K, reserved 1081344K
  class space    used 4470K, committed 4608K, reserved 1048576K
}
Event: 2.150 GC heap after
{Heap after GC invocations=8 (full 0):
 garbage-first heap   total 65536K, used 19567K [0x0000000085a00000, 0x0000000100000000)
  region size 1024K, 4 young (4096K), 4 survivors (4096K)
 Metaspace       used 32009K, committed 32320K, reserved 1081344K
  class space    used 4470K, committed 4608K, reserved 1048576K
}
Event: 2.247 GC heap before
{Heap before GC invocations=8 (full 0):
 garbage-first heap   total 65536K, used 47215K [0x0000000085a00000, 0x0000000100000000)
  region size 1024K, 31 young (31744K), 4 survivors (4096K)
 Metaspace       used 33956K, committed 34240K, reserved 1081344K
  class space    used 4735K, committed 4864K, reserved 1048576K
}
Event: 2.249 GC heap after
{Heap after GC invocations=9 (full 0):
 garbage-first heap   total 78848K, used 20618K [0x0000000085a00000, 0x0000000100000000)
  region size 1024K, 3 young (3072K), 3 survivors (3072K)
 Metaspace       used 33956K, committed 34240K, reserved 1081344K
  class space    used 4735K, committed 4864K, reserved 1048576K
}
Event: 2.333 GC heap before
{Heap before GC invocations=9 (full 0):
 garbage-first heap   total 78848K, used 40074K [0x0000000085a00000, 0x0000000100000000)
  region size 1024K, 24 young (24576K), 3 survivors (3072K)
 Metaspace       used 35859K, committed 36160K, reserved 1081344K
  class space    used 5058K, committed 5184K, reserved 1048576K
}
Event: 2.335 GC heap after
{Heap after GC invocations=10 (full 0):
 garbage-first heap   total 78848K, used 20830K [0x0000000085a00000, 0x0000000100000000)
  region size 1024K, 4 young (4096K), 4 survivors (4096K)
 Metaspace       used 35859K, committed 36160K, reserved 1081344K
  class space    used 5058K, committed 5184K, reserved 1048576K
}
Event: 2.653 GC heap before
{Heap before GC invocations=11 (full 0):
 garbage-first heap   total 78848K, used 60766K [0x0000000085a00000, 0x0000000100000000)
  region size 1024K, 43 young (44032K), 4 survivors (4096K)
 Metaspace       used 39566K, committed 39872K, reserved 1089536K
  class space    used 5614K, committed 5760K, reserved 1048576K
}
Event: 2.657 GC heap after
{Heap after GC invocations=12 (full 0):
 garbage-first heap   total 78848K, used 22058K [0x0000000085a00000, 0x0000000100000000)
  region size 1024K, 5 young (5120K), 5 survivors (5120K)
 Metaspace       used 39566K, committed 39872K, reserved 1089536K
  class space    used 5614K, committed 5760K, reserved 1048576K
}
Event: 2.945 GC heap before
{Heap before GC invocations=12 (full 0):
 garbage-first heap   total 78848K, used 61994K [0x0000000085a00000, 0x0000000100000000)
  region size 1024K, 44 young (45056K), 5 survivors (5120K)
 Metaspace       used 42939K, committed 43328K, reserved 1089536K
  class space    used 6095K, committed 6272K, reserved 1048576K
}
Event: 2.949 GC heap after
{Heap after GC invocations=13 (full 0):
 garbage-first heap   total 78848K, used 23588K [0x0000000085a00000, 0x0000000100000000)
  region size 1024K, 4 young (4096K), 4 survivors (4096K)
 Metaspace       used 42939K, committed 43328K, reserved 1089536K
  class space    used 6095K, committed 6272K, reserved 1048576K
}
Event: 6.312 GC heap before
{Heap before GC invocations=13 (full 0):
 garbage-first heap   total 78848K, used 62500K [0x0000000085a00000, 0x0000000100000000)
  region size 1024K, 42 young (43008K), 4 survivors (4096K)
 Metaspace       used 45705K, committed 46080K, reserved 1089536K
  class space    used 6429K, committed 6592K, reserved 1048576K
}
Event: 6.316 GC heap after
{Heap after GC invocations=14 (full 0):
 garbage-first heap   total 78848K, used 26064K [0x0000000085a00000, 0x0000000100000000)
  region size 1024K, 6 young (6144K), 6 survivors (6144K)
 Metaspace       used 45705K, committed 46080K, reserved 1089536K
  class space    used 6429K, committed 6592K, reserved 1048576K
}
Event: 6.729 GC heap before
{Heap before GC invocations=14 (full 0):
 garbage-first heap   total 78848K, used 61904K [0x0000000085a00000, 0x0000000100000000)
  region size 1024K, 41 young (41984K), 6 survivors (6144K)
 Metaspace       used 50861K, committed 51264K, reserved 1097728K
  class space    used 7122K, committed 7296K, reserved 1048576K
}
Event: 6.734 GC heap after
{Heap after GC invocations=15 (full 0):
 garbage-first heap   total 78848K, used 27996K [0x0000000085a00000, 0x0000000100000000)
  region size 1024K, 5 young (5120K), 5 survivors (5120K)
 Metaspace       used 50861K, committed 51264K, reserved 1097728K
  class space    used 7122K, committed 7296K, reserved 1048576K
}
Event: 6.997 GC heap before
{Heap before GC invocations=15 (full 0):
 garbage-first heap   total 78848K, used 48476K [0x0000000085a00000, 0x0000000100000000)
  region size 1024K, 19 young (19456K), 5 survivors (5120K)
 Metaspace       used 53358K, committed 53760K, reserved 1097728K
  class space    used 7563K, committed 7744K, reserved 1048576K
}
Event: 7.002 GC heap after
{Heap after GC invocations=16 (full 0):
 garbage-first heap   total 95232K, used 36571K [0x0000000085a00000, 0x0000000100000000)
  region size 1024K, 5 young (5120K), 5 survivors (5120K)
 Metaspace       used 53358K, committed 53760K, reserved 1097728K
  class space    used 7563K, committed 7744K, reserved 1048576K
}
Event: 7.331 GC heap before
{Heap before GC invocations=16 (full 0):
 garbage-first heap   total 95232K, used 59099K [0x0000000085a00000, 0x0000000100000000)
  region size 1024K, 20 young (20480K), 5 survivors (5120K)
 Metaspace       used 56643K, committed 57024K, reserved 1105920K
  class space    used 8172K, committed 8320K, reserved 1048576K
}
Event: 7.335 GC heap after
{Heap after GC invocations=17 (full 0):
 garbage-first heap   total 95232K, used 46972K [0x0000000085a00000, 0x0000000100000000)
  region size 1024K, 5 young (5120K), 5 survivors (5120K)
 Metaspace       used 56643K, committed 57024K, reserved 1105920K
  class space    used 8172K, committed 8320K, reserved 1048576K
}

