# JRE version: OpenJDK Runtime Environment (14.0+36) (build 14+36-1461)
# Java VM: OpenJDK 64-Bit Server VM (14+36-1461, mixed mode, sharing, tiered, compressed oops, g1 gc, linux-amd64)
Heap:
 garbage-first heap   total 112640K, used 65619K [0x0000000085a00000, 0x0000000100000000)
  region size 1024K, 4 young (4096K), 3 survivors (3072K)
 Metaspace       used 59736K, capacity 61728K, committed 61912K, reserved 1101824K
  class space    used 8344K, capacity 9111K, committed 9176K, reserved 1048576K
GC Heap History (20 events):
Event: 24.286 GC heap before
{Heap before GC invocations=22 (full 0):
 garbage-first heap   total 66560K, used 38148K [0x0000000085a00000, 0x0000000100000000)
  region size 1024K, 3 young (3072K), 1 survivors (1024K)
 Metaspace       used 51376K, capacity 52878K, committed 53208K, reserved 1095680K
  class space    used 7048K, capacity 7601K, committed 7640K, reserved 1048576K
}
Event: 24.287 GC heap after
{Heap after GC invocations=23 (full 0):
 garbage-first heap   total 66560K, used 35588K [0x0000000085a00000, 0x0000000100000000)
  region size 1024K, 1 young (1024K), 1 survivors (1024K)
 Metaspace       used 51376K, capacity 52878K, committed 53208K, reserved 1095680K
  class space    used 7048K, capacity 7601K, committed 7640K, reserved 1048576K
}
Event: 24.434 GC heap before
{Heap before GC invocations=24 (full 0):
 garbage-first heap   total 75776K, used 49924K [0x0000000085a00000, 0x0000000100000000)
  region size 1024K, 14 young (14336K), 1 survivors (1024K)
 Metaspace       used 52704K, capacity 54245K, committed 54488K, reserved 1095680K
  class space    used 7257K, capacity 7832K, committed 7896K, reserved 1048576K
}
Event: 24.436 GC heap after
{Heap after GC invocations=25 (full 0):
 garbage-first heap   total 75776K, used 36809K [0x0000000085a00000, 0x0000000100000000)
  region size 1024K, 1 young (1024K), 1 survivors (1024K)
 Metaspace       used 52704K, capacity 54245K, committed 54488K, reserved 1095680K
  class space    used 7257K, capacity 7832K, committed 7896K, reserved 1048576K
}
Event: 24.955 GC heap before
{Heap before GC invocations=26 (full 0):
 garbage-first heap   total 81920K, used 68553K [0x0000000085a00000, 0x0000000100000000)
  region size 1024K, 24 young (24576K), 1 survivors (1024K)
 Metaspace       used 55406K, capacity 57276K, committed 57432K, reserved 1097728K
  class space    used 7778K, capacity 8508K, committed 8536K, reserved 1048576K
}
Event: 24.959 GC heap after
{Heap after GC invocations=27 (full 0):
 garbage-first heap   total 81920K, used 46373K [0x0000000085a00000, 0x0000000100000000)
  region size 1024K, 2 young (2048K), 2 survivors (2048K)
 Metaspace       used 55406K, capacity 57276K, committed 57432K, reserved 1097728K
  class space    used 7778K, capacity 8508K, committed 8536K, reserved 1048576K
}
Event: 25.125 GC heap before
{Heap before GC invocations=27 (full 0):
 garbage-first heap   total 81920K, used 52517K [0x0000000085a00000, 0x0000000100000000)
  region size 1024K, 9 young (9216K), 2 survivors (2048K)
 Metaspace       used 56216K, capacity 58091K, committed 58328K, reserved 1099776K
  class space    used 7871K, capacity 8590K, committed 8664K, reserved 1048576K
}
Event: 25.129 GC heap after
{Heap after GC invocations=28 (full 0):
 garbage-first heap   total 81920K, used 46880K [0x0000000085a00000, 0x0000000100000000)
  region size 1024K, 2 young (2048K), 2 survivors (2048K)
 Metaspace       used 56216K, capacity 58091K, committed 58328K, reserved 1099776K
  class space    used 7871K, capacity 8590K, committed 8664K, reserved 1048576K
}
Event: 58.682 GC heap before
{Heap before GC invocations=29 (full 0):
 garbage-first heap   total 89088K, used 68384K [0x0000000085a00000, 0x0000000100000000)
  region size 1024K, 21 young (21504K), 2 survivors (2048K)
 Metaspace       used 58511K, capacity 60444K, committed 60632K, reserved 1101824K
  class space    used 8143K, capacity 8885K, committed 8920K, reserved 1048576K
}
Event: 58.685 GC heap after
{Heap after GC invocations=30 (full 0):
 garbage-first heap   total 89088K, used 49682K [0x0000000085a00000, 0x0000000100000000)
  region size 1024K, 2 young (2048K), 2 survivors (2048K)
 Metaspace       used 58511K, capacity 60444K, committed 60632K, reserved 1101824K
  class space    used 8143K, capacity 8885K, committed 8920K, reserved 1048576K
}
Event: 74.188 GC heap before
{Heap before GC invocations=30 (full 0):
 garbage-first heap   total 89088K, used 54802K [0x0000000085a00000, 0x0000000100000000)
  region size 1024K, 8 young (8192K), 2 survivors (2048K)
 Metaspace       used 58793K, capacity 60766K, committed 61016K, reserved 1101824K
  class space    used 8178K, capacity 8929K, committed 9048K, reserved 1048576K
}
Event: 74.191 GC heap after
{Heap after GC invocations=31 (full 0):
 garbage-first heap   total 89088K, used 49778K [0x0000000085a00000, 0x0000000100000000)
  region size 1024K, 2 young (2048K), 2 survivors (2048K)
 Metaspace       used 58793K, capacity 60766K, committed 61016K, reserved 1101824K
  class space    used 8178K, capacity 8929K, committed 9048K, reserved 1048576K
}
Event: 84.110 GC heap before
{Heap before GC invocations=32 (full 0):
 garbage-first heap   total 97280K, used 66162K [0x0000000085a00000, 0x0000000100000000)
  region size 1024K, 14 young (14336K), 2 survivors (2048K)
 Metaspace       used 59442K, capacity 61445K, committed 61656K, reserved 1101824K
  class space    used 8294K, capacity 9050K, committed 9176K, reserved 1048576K
}
Event: 84.113 GC heap after
{Heap after GC invocations=33 (full 0):
 garbage-first heap   total 97280K, used 50153K [0x0000000085a00000, 0x0000000100000000)
  region size 1024K, 2 young (2048K), 2 survivors (2048K)
 Metaspace       used 59442K, capacity 61445K, committed 61656K, reserved 1101824K
  class space    used 8294K, capacity 9050K, committed 9176K, reserved 1048576K
}
Event: 84.164 GC heap before
{Heap before GC invocations=34 (full 0):
 garbage-first heap   total 97280K, used 55273K [0x0000000085a00000, 0x0000000100000000)
  region size 1024K, 4 young (4096K), 2 survivors (2048K)
 Metaspace       used 59458K, capacity 61468K, committed 61656K, reserved 1101824K
  class space    used 8297K, capacity 9055K, committed 9176K, reserved 1048576K
}
Event: 84.167 GC heap after
{Heap after GC invocations=35 (full 0):
 garbage-first heap   total 97280K, used 55476K [0x0000000085a00000, 0x0000000100000000)
  region size 1024K, 2 young (2048K), 2 survivors (2048K)
 Metaspace       used 59458K, capacity 61468K, committed 61656K, reserved 1101824K
  class space    used 8297K, capacity 9055K, committed 9176K, reserved 1048576K
}
Event: 84.225 GC heap before
{Heap before GC invocations=36 (full 0):
 garbage-first heap   total 104448K, used 61620K [0x0000000085a00000, 0x0000000100000000)
  region size 1024K, 5 young (5120K), 2 survivors (2048K)
 Metaspace       used 59538K, capacity 61525K, committed 61656K, reserved 1101824K
  class space    used 8308K, capacity 9066K, committed 9176K, reserved 1048576K
}
Event: 84.227 GC heap after
{Heap after GC invocations=37 (full 0):
 garbage-first heap   total 104448K, used 60568K [0x0000000085a00000, 0x0000000100000000)
  region size 1024K, 2 young (2048K), 2 survivors (2048K)
 Metaspace       used 59538K, capacity 61525K, committed 61656K, reserved 1101824K
  class space    used 8308K, capacity 9066K, committed 9176K, reserved 1048576K
}
Event: 84.309 GC heap before
{Heap before GC invocations=38 (full 0):
 garbage-first heap   total 112640K, used 67736K [0x0000000085a00000, 0x0000000100000000)
  region size 1024K, 7 young (7168K), 2 survivors (2048K)
 Metaspace       used 59734K, capacity 61728K, committed 61912K, reserved 1101824K
  class space    used 8344K, capacity 9111K, committed 9176K, reserved 1048576K
}
Event: 84.314 GC heap after
{Heap after GC invocations=39 (full 0):
 garbage-first heap   total 112640K, used 63571K [0x0000000085a00000, 0x0000000100000000)
  region size 1024K, 3 young (3072K), 3 survivors (3072K)
 Metaspace       used 59734K, capacity 61728K, committed 61912K, reserved 1101824K
  class space    used 8344K, capacity 9111K, committed 9176K, reserved 1048576K
}

